<?xml version="1.0" encoding="utf-8" standalone="no"?>
<!--This file represents the results of running a test suite-->
<test-results name="/Users/maneesh.sahu/dev/sami/salamis/clients/codegen/stage/core/artikcloud-csharp/bin/Debug/ArtikCloudTest.dll" total="5" errors="0" failures="0" not-run="1" inconclusive="0" ignored="1" skipped="0" invalid="0" date="2016-04-05" time="15:42:43">
  <environment nunit-version="2.6.4.14350" clr-version="4.0.30319.17020" os-version="Unix 14.5.0.0" platform="Unix" cwd="/Users/maneesh.sahu/dev/sami/salamis/clients/codegen/stage/core/artikcloud-csharp" machine-name="udp153391uds.ucsf.edu" user="maneesh.sahu" user-domain="udp153391uds.ucsf.edu" />
  <culture-info current-culture="en-US" current-uiculture="en-US" />
  <test-suite type="Assembly" name="/Users/maneesh.sahu/dev/sami/salamis/clients/codegen/stage/core/artikcloud-csharp/bin/Debug/ArtikCloudTest.dll" executed="True" result="Success" success="True" time="3.976" asserts="0">
    <results>
      <test-suite type="Namespace" name="CLOUD" executed="True" result="Success" success="True" time="3.972" asserts="0">
        <results>
          <test-suite type="Namespace" name="Artik" executed="True" result="Success" success="True" time="3.971" asserts="0">
            <results>
              <test-suite type="Namespace" name="Test" executed="True" result="Success" success="True" time="3.971" asserts="0">
                <results>
                  <test-suite type="TestFixture" name="MessagesApiTests" executed="True" result="Success" success="True" time="1.959" asserts="0">
                    <results>
                      <test-case name="CLOUD.Artik.Test.MessagesApiTests.SendMessageActionTest" executed="True" result="Success" success="True" time="1.955" asserts="5" />
                    </results>
                  </test-suite>
                  <test-suite type="TestFixture" name="TokensApiTests" executed="True" result="Success" success="True" time="0.402" asserts="0">
                    <results>
                      <test-case name="CLOUD.Artik.Test.TokensApiTests.CheckTokenTest" executed="True" result="Success" success="True" time="0.400" asserts="2" />
                      <test-case name="CLOUD.Artik.Test.TokensApiTests.RefreshTokenTest" executed="False" result="Ignored">
                        <reason>
                          <message><![CDATA[]]></message>
                        </reason>
                      </test-case>
                    </results>
                  </test-suite>
                  <test-suite type="TestFixture" name="UsersApiTests" executed="True" result="Success" success="True" time="1.605" asserts="0">
                    <results>
                      <test-case name="CLOUD.Artik.Test.UsersApiTests.TestGetSelf" executed="True" result="Success" success="True" time="0.252" asserts="2" />
                      <test-case name="CLOUD.Artik.Test.UsersApiTests.TestGetUserDevices" executed="True" result="Success" success="True" time="0.299" asserts="1" />
                      <test-case name="CLOUD.Artik.Test.UsersApiTests.TestUserProperties" executed="True" result="Success" success="True" time="1.052" asserts="5" />
                    </results>
                  </test-suite>
                </results>
              </test-suite>
            </results>
          </test-suite>
        </results>
      </test-suite>
    </results>
  </test-suite>
</test-results>